mobile_shop/build/app/intermediates/manifest_merge_blame_file/debug/manifest-merger-blame-debug-report.txt
1<?xml version="1.0" encoding="utf-8"?>
2<manifest xmlns:android="http://schemas.android.com/apk/res/android"
3    package="com.ranuacedemy.mobile_shop"
4    android:versionCode="1"
5    android:versionName="1.0.0" >
6
7    <uses-sdk
8        android:minSdkVersion="16"
9        android:targetSdkVersion="30" />
10    <!--
11         Flutter needs it to communicate with the running application
12         to allow setting breakpoints, to provide hot reload, etc.
13    -->
14    <uses-permission android:name="android.permission.INTERNET" />
14-->src\debug\AndroidManifest.xml:6:5-66
14-->src\debug\AndroidManifest.xml:6:22-64
15    <uses-permission android:name="android.permission.ACCESS_NETWORK_STATE" />
15-->[com.google.firebase:firebase-auth:21.0.1] AndroidManifest.xml:24:5-79
15-->[com.google.firebase:firebase-auth:21.0.1] AndroidManifest.xml:24:22-76
16
17    <application
17-->src\main\AndroidManifest.xml:3:4-40:19
18        android:name="androidx.multidex.MultiDexApplication"
19        android:appComponentFactory="androidx.core.app.CoreComponentFactory"
19-->[androidx.core:core:1.1.0] AndroidManifest.xml:24:18-86
20        android:debuggable="true"
21        android:icon="@mipmap/ic_launcher"
21-->src\main\AndroidManifest.xml:5:9-43
22        android:label="mobile_shop"
22-->src\main\AndroidManifest.xml:4:9-36
23        android:usesCleartextTraffic="true" >
23-->src\debug\AndroidManifest.xml:7:14-49
24
25        <!-- possibly other elements -->
26        <activity
26-->src\main\AndroidManifest.xml:6:9-34:20
27            android:name="com.example.mobile_shop.MainActivity"
27-->src\main\AndroidManifest.xml:7:13-41
28            android:configChanges="orientation|keyboardHidden|keyboard|screenSize|smallestScreenSize|locale|layoutDirection|fontScale|screenLayout|density|uiMode"
28-->src\main\AndroidManifest.xml:10:13-163
29            android:hardwareAccelerated="true"
29-->src\main\AndroidManifest.xml:11:13-47
30            android:launchMode="singleTop"
30-->src\main\AndroidManifest.xml:8:13-43
31            android:theme="@style/LaunchTheme"
31-->src\main\AndroidManifest.xml:9:13-47
32            android:windowSoftInputMode="adjustResize" >
32-->src\main\AndroidManifest.xml:12:13-55
33
34            <!--
35                 Specifies an Android theme to apply to this Activity as soon as
36                 the Android process has started. This theme is visible to the user
37                 while the Flutter UI initializes. After that, this theme continues
38                 to determine the Window background behind the Flutter UI.
39            -->
40            <meta-data
40-->src\main\AndroidManifest.xml:17:13-20:17
41                android:name="io.flutter.embedding.android.NormalTheme"
41-->src\main\AndroidManifest.xml:18:15-70
42                android:resource="@style/NormalTheme" />
42-->src\main\AndroidManifest.xml:19:15-52
43            <!--
44                 Displays an Android View that continues showing the launch screen
45                 Drawable until Flutter paints its first frame, then this splash
46                 screen fades out. A splash screen is useful to avoid any visual
47                 gap between the end of Android's launch screen and the painting of
48                 Flutter's first frame.
49            -->
50            <meta-data
50-->src\main\AndroidManifest.xml:26:13-29:17
51                android:name="io.flutter.embedding.android.SplashScreenDrawable"
51-->src\main\AndroidManifest.xml:27:15-79
52                android:resource="@drawable/launch_background" />
52-->src\main\AndroidManifest.xml:28:15-61
53
54            <intent-filter>
54-->src\main\AndroidManifest.xml:30:13-33:29
55                <action android:name="android.intent.action.MAIN" />
55-->src\main\AndroidManifest.xml:31:17-68
55-->src\main\AndroidManifest.xml:31:25-66
56
57                <category android:name="android.intent.category.LAUNCHER" />
57-->src\main\AndroidManifest.xml:32:17-76
57-->src\main\AndroidManifest.xml:32:27-74
58            </intent-filter>
59        </activity>
60        <!--
61 Don't delete the meta-data below.
62             This is used by the Flutter tool to generate GeneratedPluginRegistrant.java
63        -->
64        <meta-data
64-->src\main\AndroidManifest.xml:37:9-39:33
65            android:name="flutterEmbedding"
65-->src\main\AndroidManifest.xml:38:13-44
66            android:value="2" />
66-->src\main\AndroidManifest.xml:39:13-30
67
68        <service
68-->[:firebase_auth] AndroidManifest.xml:8:9-12:19
69            android:name="com.google.firebase.components.ComponentDiscoveryService"
69-->[:firebase_auth] AndroidManifest.xml:8:18-89
70            android:directBootAware="true"
70-->[com.google.firebase:firebase-common:20.0.0] AndroidManifest.xml:35:13-43
71            android:exported="false" >
71-->[com.google.firebase:firebase-auth:21.0.1] AndroidManifest.xml:76:13-37
72            <meta-data
72-->[:firebase_auth] AndroidManifest.xml:9:13-11:85
73                android:name="com.google.firebase.components:io.flutter.plugins.firebase.auth.FlutterFirebaseAuthRegistrar"
73-->[:firebase_auth] AndroidManifest.xml:10:17-124
74                android:value="com.google.firebase.components.ComponentRegistrar" />
74-->[:firebase_auth] AndroidManifest.xml:11:17-82
75            <meta-data
75-->[:cloud_firestore] AndroidManifest.xml:9:13-11:85
76                android:name="com.google.firebase.components:io.flutter.plugins.firebase.firestore.FlutterFirebaseFirestoreRegistrar"
76-->[:cloud_firestore] AndroidManifest.xml:10:17-134
77                android:value="com.google.firebase.components.ComponentRegistrar" />
77-->[:cloud_firestore] AndroidManifest.xml:11:17-82
78            <meta-data
78-->[:firebase_core] AndroidManifest.xml:9:13-11:85
79                android:name="com.google.firebase.components:io.flutter.plugins.firebase.core.FlutterFirebaseCoreRegistrar"
79-->[:firebase_core] AndroidManifest.xml:10:17-124
80                android:value="com.google.firebase.components.ComponentRegistrar" />
80-->[:firebase_core] AndroidManifest.xml:11:17-82
81            <meta-data
81-->[com.google.firebase:firebase-auth:21.0.1] AndroidManifest.xml:77:13-79:85
82                android:name="com.google.firebase.components:com.google.firebase.auth.FirebaseAuthRegistrar"
82-->[com.google.firebase:firebase-auth:21.0.1] AndroidManifest.xml:78:17-109
83                android:value="com.google.firebase.components.ComponentRegistrar" />
83-->[com.google.firebase:firebase-auth:21.0.1] AndroidManifest.xml:79:17-82
84            <meta-data
84-->[com.google.firebase:firebase-firestore:23.0.1] AndroidManifest.xml:20:13-22:85
85                android:name="com.google.firebase.components:com.google.firebase.firestore.FirestoreRegistrar"
85-->[com.google.firebase:firebase-firestore:23.0.1] AndroidManifest.xml:21:17-111
86                android:value="com.google.firebase.components.ComponentRegistrar" />
86-->[com.google.firebase:firebase-firestore:23.0.1] AndroidManifest.xml:22:17-82
87        </service>
88
89        <activity
89-->[com.google.firebase:firebase-auth:21.0.1] AndroidManifest.xml:27:9-44:20
90            android:name="com.google.firebase.auth.internal.GenericIdpActivity"
90-->[com.google.firebase:firebase-auth:21.0.1] AndroidManifest.xml:28:13-80
91            android:excludeFromRecents="true"
91-->[com.google.firebase:firebase-auth:21.0.1] AndroidManifest.xml:29:13-46
92            android:exported="true"
92-->[com.google.firebase:firebase-auth:21.0.1] AndroidManifest.xml:30:13-36
93            android:launchMode="singleTask"
93-->[com.google.firebase:firebase-auth:21.0.1] AndroidManifest.xml:31:13-44
94            android:theme="@android:style/Theme.Translucent.NoTitleBar" >
94-->[com.google.firebase:firebase-auth:21.0.1] AndroidManifest.xml:32:13-72
95            <intent-filter>
95-->[com.google.firebase:firebase-auth:21.0.1] AndroidManifest.xml:33:13-43:29
96                <action android:name="android.intent.action.VIEW" />
96-->[com.google.firebase:firebase-auth:21.0.1] AndroidManifest.xml:34:17-69
96-->[com.google.firebase:firebase-auth:21.0.1] AndroidManifest.xml:34:25-66
97
98                <category android:name="android.intent.category.DEFAULT" />
98-->[com.google.firebase:firebase-auth:21.0.1] AndroidManifest.xml:36:17-76
98-->[com.google.firebase:firebase-auth:21.0.1] AndroidManifest.xml:36:27-73
99                <category android:name="android.intent.category.BROWSABLE" />
99-->[com.google.firebase:firebase-auth:21.0.1] AndroidManifest.xml:37:17-78
99-->[com.google.firebase:firebase-auth:21.0.1] AndroidManifest.xml:37:27-75
100
101                <data
101-->[com.google.firebase:firebase-auth:21.0.1] AndroidManifest.xml:39:17-42:51
102                    android:host="firebase.auth"
102-->[com.google.firebase:firebase-auth:21.0.1] AndroidManifest.xml:40:21-49
103                    android:path="/"
103-->[com.google.firebase:firebase-auth:21.0.1] AndroidManifest.xml:41:21-37
104                    android:scheme="genericidp" />
104-->[com.google.firebase:firebase-auth:21.0.1] AndroidManifest.xml:42:21-48
105            </intent-filter>
106        </activity>
107        <activity
107-->[com.google.firebase:firebase-auth:21.0.1] AndroidManifest.xml:45:9-62:20
108            android:name="com.google.firebase.auth.internal.RecaptchaActivity"
108-->[com.google.firebase:firebase-auth:21.0.1] AndroidManifest.xml:46:13-79
109            android:excludeFromRecents="true"
109-->[com.google.firebase:firebase-auth:21.0.1] AndroidManifest.xml:47:13-46
110            android:exported="true"
110-->[com.google.firebase:firebase-auth:21.0.1] AndroidManifest.xml:48:13-36
111            android:launchMode="singleTask"
111-->[com.google.firebase:firebase-auth:21.0.1] AndroidManifest.xml:49:13-44
112            android:theme="@android:style/Theme.Translucent.NoTitleBar" >
112-->[com.google.firebase:firebase-auth:21.0.1] AndroidManifest.xml:50:13-72
113            <intent-filter>
113-->[com.google.firebase:firebase-auth:21.0.1] AndroidManifest.xml:51:13-61:29
114                <action android:name="android.intent.action.VIEW" />
114-->[com.google.firebase:firebase-auth:21.0.1] AndroidManifest.xml:34:17-69
114-->[com.google.firebase:firebase-auth:21.0.1] AndroidManifest.xml:34:25-66
115
116                <category android:name="android.intent.category.DEFAULT" />
116-->[com.google.firebase:firebase-auth:21.0.1] AndroidManifest.xml:36:17-76
116-->[com.google.firebase:firebase-auth:21.0.1] AndroidManifest.xml:36:27-73
117                <category android:name="android.intent.category.BROWSABLE" />
117-->[com.google.firebase:firebase-auth:21.0.1] AndroidManifest.xml:37:17-78
117-->[com.google.firebase:firebase-auth:21.0.1] AndroidManifest.xml:37:27-75
118
119                <data
119-->[com.google.firebase:firebase-auth:21.0.1] AndroidManifest.xml:39:17-42:51
120                    android:host="firebase.auth"
120-->[com.google.firebase:firebase-auth:21.0.1] AndroidManifest.xml:40:21-49
121                    android:path="/"
121-->[com.google.firebase:firebase-auth:21.0.1] AndroidManifest.xml:41:21-37
122                    android:scheme="recaptcha" />
122-->[com.google.firebase:firebase-auth:21.0.1] AndroidManifest.xml:42:21-48
123            </intent-filter>
124        </activity>
125
126        <service
126-->[com.google.firebase:firebase-auth:21.0.1] AndroidManifest.xml:64:9-73:19
127            android:name="com.google.firebase.auth.api.fallback.service.FirebaseAuthFallbackService"
127-->[com.google.firebase:firebase-auth:21.0.1] AndroidManifest.xml:65:13-101
128            android:enabled="true"
128-->[com.google.firebase:firebase-auth:21.0.1] AndroidManifest.xml:66:13-35
129            android:exported="false" >
129-->[com.google.firebase:firebase-auth:21.0.1] AndroidManifest.xml:67:13-37
130            <intent-filter>
130-->[com.google.firebase:firebase-auth:21.0.1] AndroidManifest.xml:68:13-72:29
131                <action android:name="com.google.firebase.auth.api.gms.service.START" />
131-->[com.google.firebase:firebase-auth:21.0.1] AndroidManifest.xml:69:17-89
131-->[com.google.firebase:firebase-auth:21.0.1] AndroidManifest.xml:69:25-86
132
133                <category android:name="android.intent.category.DEFAULT" />
133-->[com.google.firebase:firebase-auth:21.0.1] AndroidManifest.xml:36:17-76
133-->[com.google.firebase:firebase-auth:21.0.1] AndroidManifest.xml:36:27-73
134            </intent-filter>
135        </service>
136
137        <activity
137-->[com.google.android.gms:play-services-base:17.1.0] AndroidManifest.xml:23:9-26:75
138            android:name="com.google.android.gms.common.api.GoogleApiActivity"
138-->[com.google.android.gms:play-services-base:17.1.0] AndroidManifest.xml:24:13-79
139            android:exported="false"
139-->[com.google.android.gms:play-services-base:17.1.0] AndroidManifest.xml:25:13-37
140            android:theme="@android:style/Theme.Translucent.NoTitleBar" />
140-->[com.google.android.gms:play-services-base:17.1.0] AndroidManifest.xml:26:13-72
141
142        <provider
142-->[com.google.firebase:firebase-common:20.0.0] AndroidManifest.xml:26:9-31:39
143            android:name="com.google.firebase.provider.FirebaseInitProvider"
143-->[com.google.firebase:firebase-common:20.0.0] AndroidManifest.xml:27:13-77
144            android:authorities="com.ranuacedemy.mobile_shop.firebaseinitprovider"
144-->[com.google.firebase:firebase-common:20.0.0] AndroidManifest.xml:28:13-72
145            android:directBootAware="true"
145-->[com.google.firebase:firebase-common:20.0.0] AndroidManifest.xml:29:13-43
146            android:exported="false"
146-->[com.google.firebase:firebase-common:20.0.0] AndroidManifest.xml:30:13-37
147            android:initOrder="100" />
147-->[com.google.firebase:firebase-common:20.0.0] AndroidManifest.xml:31:13-36
148
149        <meta-data
149-->[com.google.android.gms:play-services-basement:17.1.0] AndroidManifest.xml:23:9-25:69
150            android:name="com.google.android.gms.version"
150-->[com.google.android.gms:play-services-basement:17.1.0] AndroidManifest.xml:24:13-58
151            android:value="@integer/google_play_services_version" />
151-->[com.google.android.gms:play-services-basement:17.1.0] AndroidManifest.xml:25:13-66
152    </application>
153
154</manifest>